<?xml version="1.0" encoding="UTF-8"?>
<testng-results skipped="0" failed="0" total="1" passed="1">
  <reporter-output>
  </reporter-output>
  <suite name="Default suite" duration-ms="14343" started-at="2019-12-10T09:06:34Z" finished-at="2019-12-10T09:06:49Z">
    <groups>
    </groups>
    <test name="Default test" duration-ms="14343" started-at="2019-12-10T09:06:34Z" finished-at="2019-12-10T09:06:49Z">
      <class name="qantas.task.QantasTest">
        <test-method status="PASS" signature="validateSite()[pri:0, instance:qantas.task.QantasTest@3551a94]" name="validateSite" duration-ms="14334" started-at="2019-12-10T20:06:34Z" finished-at="2019-12-10T20:06:49Z">
          <reporter-output>
          </reporter-output>
        </test-method> <!-- validateSite -->
      </class> <!-- qantas.task.QantasTest -->
    </test> <!-- Default test -->
  </suite> <!-- Default suite -->
</testng-results>
